<?xml version="1.0" encoding="UTF-8"?>
<!-- Generated by org.testng.reporters.JUnitXMLReporter -->
<testsuite ignored="3" hostname="Vignesh" failures="0" tests="5" name="OrnageHRMTest_chrome" time="20.646" errors="0" timestamp="2026-02-17T15:41:26 IST">
  <testcase classname="com.orangehrm.test.LoginPageTest" name="inValidLoginTest" time="2.529"/>
  <testcase classname="com.orangehrm.test.HomePageTest" name="verifyOrangeHRMLogo" time="5.968"/>
  <testcase classname="com.orangehrm.test.DBVerificationTest" name="verifyEmployeeNameVerificationFromDB" time="9.151"/>
  <testcase classname="com.orangehrm.test.LoginPageTest" name="verifyValidLoginTest" time="7.032"/>
  <testcase classname="com.orangehrm.test.AddingEmployeesTest" name="addingDeletingEmployees" time="16.418"/>
  <testcase classname="com.orangehrm.base.BaseClass" name="@BeforeSuite loadConfig" time="0.0">
    <ignored/>
  </testcase> <!-- @BeforeSuite loadConfig -->
  <testcase classname="com.orangehrm.base.BaseClass" name="@BeforeSuite loadConfig" time="0.0">
    <ignored/>
  </testcase> <!-- @BeforeSuite loadConfig -->
  <testcase classname="com.orangehrm.base.BaseClass" name="@BeforeSuite loadConfig" time="0.0">
    <ignored/>
  </testcase> <!-- @BeforeSuite loadConfig -->
</testsuite> <!-- OrnageHRMTest_chrome -->
