<?xml version="1.0" encoding="UTF-8"?>
<!-- Generated by org.testng.reporters.JUnitXMLReporter -->
<testsuite ignored="3" hostname="Vignesh" failures="0" tests="5" name="OrnageHRMTest_chrome" time="26.556" errors="0" timestamp="2026-02-17T17:14:18 IST">
  <testcase classname="com.orangehrm.test.LoginPageTest" name="inValidLoginTest" time="2.526"/>
  <testcase classname="com.orangehrm.test.LoginPageTest" name="verifyValidLoginTest" time="7.268"/>
  <testcase classname="com.orangehrm.test.HomePageTest" name="verifyOrangeHRMLogo" time="5.514"/>
  <testcase classname="com.orangehrm.test.AddingEmployeesTest" name="addingDeletingEmployees" time="15.207"/>
  <testcase classname="com.orangehrm.test.DBVerificationTest" name="verifyEmployeeNameVerificationFromDB" time="7.793"/>
  <testcase classname="com.orangehrm.base.BaseClass" name="@BeforeSuite loadConfig" time="0.0">
    <ignored/>
  </testcase> <!-- @BeforeSuite loadConfig -->
  <testcase classname="com.orangehrm.base.BaseClass" name="@BeforeSuite loadConfig" time="0.0">
    <ignored/>
  </testcase> <!-- @BeforeSuite loadConfig -->
  <testcase classname="com.orangehrm.base.BaseClass" name="@BeforeSuite loadConfig" time="0.0">
    <ignored/>
  </testcase> <!-- @BeforeSuite loadConfig -->
</testsuite> <!-- OrnageHRMTest_chrome -->
