<?xml version="1.0" encoding="UTF-8"?>
<testng-results ignored="0" total="5" passed="5" failed="0" skipped="0">
  <reporter-output>
  </reporter-output>
  <suite started-at="2026-02-17T15:41:04 IST" name="OrangeHRMSuite" finished-at="2026-02-17T15:41:24 IST" duration-ms="20646">
    <groups>
    </groups>
    <test started-at="2026-02-17T15:41:04 IST" name="OrnageHRMTest_chrome" finished-at="2026-02-17T15:41:24 IST" duration-ms="20646">
      <class name="com.orangehrm.test.HomePageTest">
        <test-method is-config="true" signature="loadConfig()[pri:0, instance:com.orangehrm.test.HomePageTest@6892b3b6]" started-at="2026-02-17T15:41:04 IST" name="loadConfig" finished-at="2026-02-17T15:41:04 IST" duration-ms="10" status="PASS">
          <reporter-output>
          </reporter-output>
        </test-method> <!-- loadConfig -->
        <test-method is-config="true" signature="setup(java.lang.String)[pri:0, instance:com.orangehrm.test.HomePageTest@6892b3b6]" started-at="2026-02-17T15:41:05 IST" name="setup" finished-at="2026-02-17T15:41:08 IST" duration-ms="2928" status="PASS">
          <params>
            <param index="0">
              <value>
                <![CDATA[chrome]]>
              </value>
            </param>
          </params>
          <reporter-output>
          </reporter-output>
        </test-method> <!-- setup -->
        <test-method is-config="true" signature="setupPages()[pri:0, instance:com.orangehrm.test.HomePageTest@6892b3b6]" started-at="2026-02-17T15:41:08 IST" name="setupPages" finished-at="2026-02-17T15:41:08 IST" duration-ms="1" status="PASS">
          <reporter-output>
          </reporter-output>
        </test-method> <!-- setupPages -->
        <test-method signature="verifyOrangeHRMLogo(java.lang.String,java.lang.String)[pri:0, instance:com.orangehrm.test.HomePageTest@6892b3b6]" started-at="2026-02-17T15:41:08 IST" name="verifyOrangeHRMLogo" data-provider="validLoginData" finished-at="2026-02-17T15:41:14 IST" duration-ms="5968" status="PASS">
          <params>
            <param index="0">
              <value>
                <![CDATA[Vignesh]]>
              </value>
            </param>
            <param index="1">
              <value>
                <![CDATA[Success@ram26]]>
              </value>
            </param>
          </params>
          <reporter-output>
          </reporter-output>
        </test-method> <!-- verifyOrangeHRMLogo -->
        <test-method is-config="true" signature="tearDown()[pri:0, instance:com.orangehrm.test.HomePageTest@6892b3b6]" started-at="2026-02-17T15:41:14 IST" name="tearDown" finished-at="2026-02-17T15:41:14 IST" duration-ms="197" status="PASS">
          <reporter-output>
          </reporter-output>
        </test-method> <!-- tearDown -->
      </class> <!-- com.orangehrm.test.HomePageTest -->
      <class name="com.orangehrm.test.AddingEmployeesTest">
        <test-method is-config="true" signature="setup(java.lang.String)[pri:0, instance:com.orangehrm.test.AddingEmployeesTest@74e28667]" started-at="2026-02-17T15:41:05 IST" name="setup" finished-at="2026-02-17T15:41:08 IST" duration-ms="2932" status="PASS">
          <params>
            <param index="0">
              <value>
                <![CDATA[chrome]]>
              </value>
            </param>
          </params>
          <reporter-output>
          </reporter-output>
        </test-method> <!-- setup -->
        <test-method signature="addingDeletingEmployees(java.lang.String,java.lang.String)[pri:0, instance:com.orangehrm.test.AddingEmployeesTest@74e28667]" started-at="2026-02-17T15:41:08 IST" name="addingDeletingEmployees" data-provider="validLoginData" finished-at="2026-02-17T15:41:24 IST" duration-ms="16418" status="PASS">
          <params>
            <param index="0">
              <value>
                <![CDATA[Vignesh]]>
              </value>
            </param>
            <param index="1">
              <value>
                <![CDATA[Success@ram26]]>
              </value>
            </param>
          </params>
          <reporter-output>
          </reporter-output>
        </test-method> <!-- addingDeletingEmployees -->
        <test-method is-config="true" signature="setupPages()[pri:0, instance:com.orangehrm.test.AddingEmployeesTest@74e28667]" started-at="2026-02-17T15:41:08 IST" name="setupPages" finished-at="2026-02-17T15:41:08 IST" duration-ms="0" status="PASS">
          <reporter-output>
          </reporter-output>
        </test-method> <!-- setupPages -->
        <test-method is-config="true" signature="tearDown()[pri:0, instance:com.orangehrm.test.AddingEmployeesTest@74e28667]" started-at="2026-02-17T15:41:24 IST" name="tearDown" finished-at="2026-02-17T15:41:24 IST" duration-ms="158" status="PASS">
          <reporter-output>
          </reporter-output>
        </test-method> <!-- tearDown -->
      </class> <!-- com.orangehrm.test.AddingEmployeesTest -->
      <class name="com.orangehrm.test.LoginPageTest">
        <test-method is-config="true" signature="setup(java.lang.String)[pri:0, instance:com.orangehrm.test.LoginPageTest@74d1dc36]" started-at="2026-02-17T15:41:05 IST" name="setup" finished-at="2026-02-17T15:41:08 IST" duration-ms="2932" status="PASS">
          <params>
            <param index="0">
              <value>
                <![CDATA[chrome]]>
              </value>
            </param>
          </params>
          <reporter-output>
          </reporter-output>
        </test-method> <!-- setup -->
        <test-method is-config="true" signature="setupPages()[pri:0, instance:com.orangehrm.test.LoginPageTest@74d1dc36]" started-at="2026-02-17T15:41:08 IST" name="setupPages" finished-at="2026-02-17T15:41:08 IST" duration-ms="1" status="PASS">
          <reporter-output>
          </reporter-output>
        </test-method> <!-- setupPages -->
        <test-method signature="inValidLoginTest(java.lang.String,java.lang.String)[pri:0, instance:com.orangehrm.test.LoginPageTest@74d1dc36]" started-at="2026-02-17T15:41:08 IST" name="inValidLoginTest" data-provider="inValidLoginData" finished-at="2026-02-17T15:41:10 IST" duration-ms="2529" status="PASS">
          <params>
            <param index="0">
              <value>
                <![CDATA[admin1]]>
              </value>
            </param>
            <param index="1">
              <value>
                <![CDATA[admin123]]>
              </value>
            </param>
          </params>
          <reporter-output>
          </reporter-output>
        </test-method> <!-- inValidLoginTest -->
        <test-method is-config="true" signature="tearDown()[pri:0, instance:com.orangehrm.test.LoginPageTest@74d1dc36]" started-at="2026-02-17T15:41:10 IST" name="tearDown" finished-at="2026-02-17T15:41:11 IST" duration-ms="176" status="PASS">
          <reporter-output>
          </reporter-output>
        </test-method> <!-- tearDown -->
        <test-method is-config="true" signature="setup(java.lang.String)[pri:0, instance:com.orangehrm.test.LoginPageTest@74d1dc36]" started-at="2026-02-17T15:41:11 IST" name="setup" finished-at="2026-02-17T15:41:13 IST" duration-ms="2288" status="PASS">
          <params>
            <param index="0">
              <value>
                <![CDATA[chrome]]>
              </value>
            </param>
          </params>
          <reporter-output>
          </reporter-output>
        </test-method> <!-- setup -->
        <test-method is-config="true" signature="setupPages()[pri:0, instance:com.orangehrm.test.LoginPageTest@74d1dc36]" started-at="2026-02-17T15:41:13 IST" name="setupPages" finished-at="2026-02-17T15:41:13 IST" duration-ms="0" status="PASS">
          <reporter-output>
          </reporter-output>
        </test-method> <!-- setupPages -->
        <test-method signature="verifyValidLoginTest(java.lang.String,java.lang.String)[pri:0, instance:com.orangehrm.test.LoginPageTest@74d1dc36]" started-at="2026-02-17T15:41:13 IST" name="verifyValidLoginTest" data-provider="validLoginData" finished-at="2026-02-17T15:41:20 IST" duration-ms="7032" status="PASS">
          <params>
            <param index="0">
              <value>
                <![CDATA[Vignesh]]>
              </value>
            </param>
            <param index="1">
              <value>
                <![CDATA[Success@ram26]]>
              </value>
            </param>
          </params>
          <reporter-output>
          </reporter-output>
        </test-method> <!-- verifyValidLoginTest -->
        <test-method is-config="true" signature="tearDown()[pri:0, instance:com.orangehrm.test.LoginPageTest@74d1dc36]" started-at="2026-02-17T15:41:20 IST" name="tearDown" finished-at="2026-02-17T15:41:20 IST" duration-ms="148" status="PASS">
          <reporter-output>
          </reporter-output>
        </test-method> <!-- tearDown -->
      </class> <!-- com.orangehrm.test.LoginPageTest -->
      <class name="com.orangehrm.test.DBVerificationTest">
        <test-method is-config="true" signature="setup(java.lang.String)[pri:0, instance:com.orangehrm.test.DBVerificationTest@7161d8d1]" started-at="2026-02-17T15:41:05 IST" name="setup" finished-at="2026-02-17T15:41:08 IST" duration-ms="2910" status="PASS">
          <params>
            <param index="0">
              <value>
                <![CDATA[chrome]]>
              </value>
            </param>
          </params>
          <reporter-output>
          </reporter-output>
        </test-method> <!-- setup -->
        <test-method is-config="true" signature="setupPages()[pri:0, instance:com.orangehrm.test.DBVerificationTest@7161d8d1]" started-at="2026-02-17T15:41:08 IST" name="setupPages" finished-at="2026-02-17T15:41:08 IST" duration-ms="2" status="PASS">
          <reporter-output>
          </reporter-output>
        </test-method> <!-- setupPages -->
        <test-method signature="verifyEmployeeNameVerificationFromDB(java.lang.String,java.lang.String)[pri:0, instance:com.orangehrm.test.DBVerificationTest@7161d8d1]" started-at="2026-02-17T15:41:08 IST" name="verifyEmployeeNameVerificationFromDB" data-provider="emplVerification" finished-at="2026-02-17T15:41:17 IST" duration-ms="9151" status="PASS">
          <params>
            <param index="0">
              <value>
                <![CDATA[1]]>
              </value>
            </param>
            <param index="1">
              <value>
                <![CDATA[Vignesh]]>
              </value>
            </param>
          </params>
          <reporter-output>
          </reporter-output>
        </test-method> <!-- verifyEmployeeNameVerificationFromDB -->
        <test-method is-config="true" signature="tearDown()[pri:0, instance:com.orangehrm.test.DBVerificationTest@7161d8d1]" started-at="2026-02-17T15:41:17 IST" name="tearDown" finished-at="2026-02-17T15:41:17 IST" duration-ms="166" status="PASS">
          <reporter-output>
          </reporter-output>
        </test-method> <!-- tearDown -->
      </class> <!-- com.orangehrm.test.DBVerificationTest -->
    </test> <!-- OrnageHRMTest_chrome -->
  </suite> <!-- OrangeHRMSuite -->
</testng-results>
