<?xml version="1.0" encoding="UTF-8"?>
<testng-results ignored="0" total="5" passed="5" failed="0" skipped="0">
  <reporter-output>
  </reporter-output>
  <suite started-at="2026-02-17T17:13:51 IST" name="OrangeHRMSuite" finished-at="2026-02-17T17:14:18 IST" duration-ms="26556">
    <groups>
    </groups>
    <test started-at="2026-02-17T17:13:51 IST" name="OrnageHRMTest_chrome" finished-at="2026-02-17T17:14:18 IST" duration-ms="26556">
      <class name="com.orangehrm.test.HomePageTest">
        <test-method is-config="true" signature="loadConfig()[pri:0, instance:com.orangehrm.test.HomePageTest@33bc72d1]" started-at="2026-02-17T17:13:51 IST" name="loadConfig" finished-at="2026-02-17T17:13:51 IST" duration-ms="24" status="PASS">
          <reporter-output>
          </reporter-output>
        </test-method> <!-- loadConfig -->
        <test-method is-config="true" signature="setup(java.lang.String)[pri:0, instance:com.orangehrm.test.HomePageTest@33bc72d1]" started-at="2026-02-17T17:13:53 IST" name="setup" finished-at="2026-02-17T17:14:08 IST" duration-ms="15499" status="PASS">
          <params>
            <param index="0">
              <value>
                <![CDATA[chrome]]>
              </value>
            </param>
          </params>
          <reporter-output>
          </reporter-output>
        </test-method> <!-- setup -->
        <test-method is-config="true" signature="setupPages()[pri:0, instance:com.orangehrm.test.HomePageTest@33bc72d1]" started-at="2026-02-17T17:14:08 IST" name="setupPages" finished-at="2026-02-17T17:14:08 IST" duration-ms="1" status="PASS">
          <reporter-output>
          </reporter-output>
        </test-method> <!-- setupPages -->
        <test-method signature="verifyOrangeHRMLogo(java.lang.String,java.lang.String)[pri:0, instance:com.orangehrm.test.HomePageTest@33bc72d1]" started-at="2026-02-17T17:14:08 IST" name="verifyOrangeHRMLogo" data-provider="validLoginData" finished-at="2026-02-17T17:14:14 IST" duration-ms="5514" status="PASS">
          <params>
            <param index="0">
              <value>
                <![CDATA[Vignesh]]>
              </value>
            </param>
            <param index="1">
              <value>
                <![CDATA[Success@ram26]]>
              </value>
            </param>
          </params>
          <reporter-output>
          </reporter-output>
        </test-method> <!-- verifyOrangeHRMLogo -->
        <test-method is-config="true" signature="tearDown()[pri:0, instance:com.orangehrm.test.HomePageTest@33bc72d1]" started-at="2026-02-17T17:14:14 IST" name="tearDown" finished-at="2026-02-17T17:14:14 IST" duration-ms="164" status="PASS">
          <reporter-output>
          </reporter-output>
        </test-method> <!-- tearDown -->
      </class> <!-- com.orangehrm.test.HomePageTest -->
      <class name="com.orangehrm.test.AddingEmployeesTest">
        <test-method is-config="true" signature="setup(java.lang.String)[pri:0, instance:com.orangehrm.test.AddingEmployeesTest@1033576a]" started-at="2026-02-17T17:13:53 IST" name="setup" finished-at="2026-02-17T17:14:02 IST" duration-ms="9064" status="PASS">
          <params>
            <param index="0">
              <value>
                <![CDATA[chrome]]>
              </value>
            </param>
          </params>
          <reporter-output>
          </reporter-output>
        </test-method> <!-- setup -->
        <test-method is-config="true" signature="setupPages()[pri:0, instance:com.orangehrm.test.AddingEmployeesTest@1033576a]" started-at="2026-02-17T17:14:02 IST" name="setupPages" finished-at="2026-02-17T17:14:02 IST" duration-ms="1" status="PASS">
          <reporter-output>
          </reporter-output>
        </test-method> <!-- setupPages -->
        <test-method signature="addingDeletingEmployees(java.lang.String,java.lang.String)[pri:0, instance:com.orangehrm.test.AddingEmployeesTest@1033576a]" started-at="2026-02-17T17:14:02 IST" name="addingDeletingEmployees" data-provider="validLoginData" finished-at="2026-02-17T17:14:17 IST" duration-ms="15207" status="PASS">
          <params>
            <param index="0">
              <value>
                <![CDATA[Vignesh]]>
              </value>
            </param>
            <param index="1">
              <value>
                <![CDATA[Success@ram26]]>
              </value>
            </param>
          </params>
          <reporter-output>
          </reporter-output>
        </test-method> <!-- addingDeletingEmployees -->
        <test-method is-config="true" signature="tearDown()[pri:0, instance:com.orangehrm.test.AddingEmployeesTest@1033576a]" started-at="2026-02-17T17:14:17 IST" name="tearDown" finished-at="2026-02-17T17:14:17 IST" duration-ms="237" status="PASS">
          <reporter-output>
          </reporter-output>
        </test-method> <!-- tearDown -->
      </class> <!-- com.orangehrm.test.AddingEmployeesTest -->
      <class name="com.orangehrm.test.LoginPageTest">
        <test-method is-config="true" signature="setup(java.lang.String)[pri:0, instance:com.orangehrm.test.LoginPageTest@7c37508a]" started-at="2026-02-17T17:13:53 IST" name="setup" finished-at="2026-02-17T17:14:01 IST" duration-ms="8203" status="PASS">
          <params>
            <param index="0">
              <value>
                <![CDATA[chrome]]>
              </value>
            </param>
          </params>
          <reporter-output>
          </reporter-output>
        </test-method> <!-- setup -->
        <test-method is-config="true" signature="setupPages()[pri:0, instance:com.orangehrm.test.LoginPageTest@7c37508a]" started-at="2026-02-17T17:14:01 IST" name="setupPages" finished-at="2026-02-17T17:14:01 IST" duration-ms="19" status="PASS">
          <reporter-output>
          </reporter-output>
        </test-method> <!-- setupPages -->
        <test-method signature="inValidLoginTest(java.lang.String,java.lang.String)[pri:0, instance:com.orangehrm.test.LoginPageTest@7c37508a]" started-at="2026-02-17T17:14:01 IST" name="inValidLoginTest" data-provider="inValidLoginData" finished-at="2026-02-17T17:14:03 IST" duration-ms="2526" status="PASS">
          <params>
            <param index="0">
              <value>
                <![CDATA[admin1]]>
              </value>
            </param>
            <param index="1">
              <value>
                <![CDATA[admin123]]>
              </value>
            </param>
          </params>
          <reporter-output>
          </reporter-output>
        </test-method> <!-- inValidLoginTest -->
        <test-method is-config="true" signature="tearDown()[pri:0, instance:com.orangehrm.test.LoginPageTest@7c37508a]" started-at="2026-02-17T17:14:03 IST" name="tearDown" finished-at="2026-02-17T17:14:04 IST" duration-ms="147" status="PASS">
          <reporter-output>
          </reporter-output>
        </test-method> <!-- tearDown -->
        <test-method is-config="true" signature="setup(java.lang.String)[pri:0, instance:com.orangehrm.test.LoginPageTest@7c37508a]" started-at="2026-02-17T17:14:04 IST" name="setup" finished-at="2026-02-17T17:14:05 IST" duration-ms="1672" status="PASS">
          <params>
            <param index="0">
              <value>
                <![CDATA[chrome]]>
              </value>
            </param>
          </params>
          <reporter-output>
          </reporter-output>
        </test-method> <!-- setup -->
        <test-method is-config="true" signature="setupPages()[pri:0, instance:com.orangehrm.test.LoginPageTest@7c37508a]" started-at="2026-02-17T17:14:05 IST" name="setupPages" finished-at="2026-02-17T17:14:05 IST" duration-ms="0" status="PASS">
          <reporter-output>
          </reporter-output>
        </test-method> <!-- setupPages -->
        <test-method signature="verifyValidLoginTest(java.lang.String,java.lang.String)[pri:0, instance:com.orangehrm.test.LoginPageTest@7c37508a]" started-at="2026-02-17T17:14:05 IST" name="verifyValidLoginTest" data-provider="validLoginData" finished-at="2026-02-17T17:14:13 IST" duration-ms="7268" status="PASS">
          <params>
            <param index="0">
              <value>
                <![CDATA[Vignesh]]>
              </value>
            </param>
            <param index="1">
              <value>
                <![CDATA[Success@ram26]]>
              </value>
            </param>
          </params>
          <reporter-output>
          </reporter-output>
        </test-method> <!-- verifyValidLoginTest -->
        <test-method is-config="true" signature="tearDown()[pri:0, instance:com.orangehrm.test.LoginPageTest@7c37508a]" started-at="2026-02-17T17:14:13 IST" name="tearDown" finished-at="2026-02-17T17:14:13 IST" duration-ms="211" status="PASS">
          <reporter-output>
          </reporter-output>
        </test-method> <!-- tearDown -->
      </class> <!-- com.orangehrm.test.LoginPageTest -->
      <class name="com.orangehrm.test.DBVerificationTest">
        <test-method is-config="true" signature="setup(java.lang.String)[pri:0, instance:com.orangehrm.test.DBVerificationTest@247310d0]" started-at="2026-02-17T17:13:53 IST" name="setup" finished-at="2026-02-17T17:14:10 IST" duration-ms="17377" status="PASS">
          <params>
            <param index="0">
              <value>
                <![CDATA[chrome]]>
              </value>
            </param>
          </params>
          <reporter-output>
          </reporter-output>
        </test-method> <!-- setup -->
        <test-method is-config="true" signature="setupPages()[pri:0, instance:com.orangehrm.test.DBVerificationTest@247310d0]" started-at="2026-02-17T17:14:10 IST" name="setupPages" finished-at="2026-02-17T17:14:10 IST" duration-ms="1" status="PASS">
          <reporter-output>
          </reporter-output>
        </test-method> <!-- setupPages -->
        <test-method signature="verifyEmployeeNameVerificationFromDB(java.lang.String,java.lang.String)[pri:0, instance:com.orangehrm.test.DBVerificationTest@247310d0]" started-at="2026-02-17T17:14:10 IST" name="verifyEmployeeNameVerificationFromDB" data-provider="emplVerification" finished-at="2026-02-17T17:14:18 IST" duration-ms="7793" status="PASS">
          <params>
            <param index="0">
              <value>
                <![CDATA[1]]>
              </value>
            </param>
            <param index="1">
              <value>
                <![CDATA[Vignesh]]>
              </value>
            </param>
          </params>
          <reporter-output>
          </reporter-output>
        </test-method> <!-- verifyEmployeeNameVerificationFromDB -->
        <test-method is-config="true" signature="tearDown()[pri:0, instance:com.orangehrm.test.DBVerificationTest@247310d0]" started-at="2026-02-17T17:14:18 IST" name="tearDown" finished-at="2026-02-17T17:14:18 IST" duration-ms="122" status="PASS">
          <reporter-output>
          </reporter-output>
        </test-method> <!-- tearDown -->
      </class> <!-- com.orangehrm.test.DBVerificationTest -->
    </test> <!-- OrnageHRMTest_chrome -->
  </suite> <!-- OrangeHRMSuite -->
</testng-results>
