<?xml version="1.0" encoding="UTF-8"?>
<testng-results ignored="0" total="1" passed="1" failed="0" skipped="0">
  <reporter-output>
  </reporter-output>
  <suite started-at="2026-02-14T23:22:21 IST" name="OrangeHRMSuite" finished-at="2026-02-14T23:22:46 IST" duration-ms="24433">
    <groups>
    </groups>
    <test started-at="2026-02-14T23:22:21 IST" name="OrnageHRMTest_chrome" finished-at="2026-02-14T23:22:46 IST" duration-ms="24433">
      <class name="com.orangehrm.test.AddingEmployeesTest">
        <test-method is-config="true" signature="loadConfig()[pri:0, instance:com.orangehrm.test.AddingEmployeesTest@cc43f62]" started-at="2026-02-14T23:22:21 IST" name="loadConfig" finished-at="2026-02-14T23:22:21 IST" duration-ms="11" status="PASS">
          <reporter-output>
          </reporter-output>
        </test-method> <!-- loadConfig -->
        <test-method is-config="true" signature="setup(java.lang.String)[pri:0, instance:com.orangehrm.test.AddingEmployeesTest@cc43f62]" started-at="2026-02-14T23:22:23 IST" name="setup" finished-at="2026-02-14T23:22:29 IST" duration-ms="6806" status="PASS">
          <params>
            <param index="0">
              <value>
                <![CDATA[chrome]]>
              </value>
            </param>
          </params>
          <reporter-output>
          </reporter-output>
        </test-method> <!-- setup -->
        <test-method is-config="true" signature="setupPages()[pri:0, instance:com.orangehrm.test.AddingEmployeesTest@cc43f62]" started-at="2026-02-14T23:22:29 IST" name="setupPages" finished-at="2026-02-14T23:22:30 IST" duration-ms="19" status="PASS">
          <reporter-output>
          </reporter-output>
        </test-method> <!-- setupPages -->
        <test-method signature="addingDeletingEmployees(java.lang.String,java.lang.String)[pri:0, instance:com.orangehrm.test.AddingEmployeesTest@cc43f62]" started-at="2026-02-14T23:22:30 IST" name="addingDeletingEmployees" data-provider="validLoginData" finished-at="2026-02-14T23:22:45 IST" duration-ms="15827" status="PASS">
          <params>
            <param index="0">
              <value>
                <![CDATA[Vignesh]]>
              </value>
            </param>
            <param index="1">
              <value>
                <![CDATA[Success@ram26]]>
              </value>
            </param>
          </params>
          <reporter-output>
          </reporter-output>
        </test-method> <!-- addingDeletingEmployees -->
        <test-method is-config="true" signature="tearDown()[pri:0, instance:com.orangehrm.test.AddingEmployeesTest@cc43f62]" started-at="2026-02-14T23:22:45 IST" name="tearDown" finished-at="2026-02-14T23:22:46 IST" duration-ms="300" status="PASS">
          <reporter-output>
          </reporter-output>
        </test-method> <!-- tearDown -->
      </class> <!-- com.orangehrm.test.AddingEmployeesTest -->
    </test> <!-- OrnageHRMTest_chrome -->
  </suite> <!-- OrangeHRMSuite -->
</testng-results>
