<?xml version="1.0" encoding="UTF-8"?>
<!-- Generated by org.testng.reporters.JUnitReportReporter -->
<testsuite hostname="Vignesh" failures="0" tests="2" name="com.orangehrm.test.LoginPageTest" time="13.598" errors="0" timestamp="2026-02-14T22:27:51 IST" skipped="0">
  <testcase classname="com.orangehrm.test.LoginPageTest" name="inValidLoginTest" time="4.755"/>
  <testcase classname="com.orangehrm.test.LoginPageTest" name="verifyValidLoginTest" time="8.843"/>
</testsuite> <!-- com.orangehrm.test.LoginPageTest -->
