<?xml version="1.0" encoding="UTF-8"?>
<!-- Generated by org.testng.reporters.JUnitReportReporter -->
<testsuite hostname="Vignesh" failures="0" tests="2" name="com.orangehrm.test.LoginPageTest" time="14.823" errors="0" timestamp="2026-02-17T15:38:54 IST" skipped="0">
  <testcase classname="com.orangehrm.test.LoginPageTest" name="verifyValidLoginTest" time="9.501"/>
  <testcase classname="com.orangehrm.test.LoginPageTest" name="inValidLoginTest" time="5.322"/>
</testsuite> <!-- com.orangehrm.test.LoginPageTest -->
