<?xml version="1.0" encoding="UTF-8"?>
<!-- Generated by org.testng.reporters.JUnitReportReporter -->
<testsuite hostname="Vignesh" failures="0" tests="2" name="com.orangehrm.test.LoginPageTest" time="15.106" errors="0" timestamp="2026-02-17T15:41:26 IST" skipped="0">
  <testcase classname="com.orangehrm.test.LoginPageTest" name="inValidLoginTest" time="4.965"/>
  <testcase classname="com.orangehrm.test.LoginPageTest" name="verifyValidLoginTest" time="10.141"/>
</testsuite> <!-- com.orangehrm.test.LoginPageTest -->
